==1362816== Memcheck, a memory error detector
==1362816== Copyright (C) 2002-2017, and GNU GPL'd, by Julian Seward et al.
==1362816== Using Valgrind-3.18.1-42b08ed5bd-20211015 and LibVEX; rerun with -h for copyright info
==1362816== Command: ./minishell
==1362816== Parent PID: 1362192
==1362816== 
--1362816-- 
--1362816-- Valgrind options:
--1362816--    --leak-check=full
--1362816--    --show-leak-kinds=all
--1362816--    --track-origins=yes
--1362816--    --verbose
--1362816--    --log-file=valgrind_output.log
--1362816-- Contents of /proc/version:
--1362816--   Linux version 6.10.9-1-t2-jammy (root@c717d23fd605) (gcc (Ubuntu 11.4.0-1ubuntu1~22.04) 11.4.0, GNU ld (GNU Binutils for Ubuntu) 2.38) #1 SMP PREEMPT_DYNAMIC Sun Sep  8 09:34:45 UTC 2024
--1362816-- 
--1362816-- Arch and hwcaps: AMD64, LittleEndian, amd64-cx16-lzcnt-rdtscp-sse3-ssse3-avx-avx2-bmi-f16c-rdrand-rdseed
--1362816-- Page sizes: currently 4096, max supported 4096
--1362816-- Valgrind library directory: /usr/libexec/valgrind
--1362816-- Reading syms from /home/paromero/Desktop/minishell/minishell
--1362816-- Reading syms from /usr/lib/x86_64-linux-gnu/ld-linux-x86-64.so.2
--1362816--   Considering /usr/lib/debug/.build-id/9c/b53985768bb99f138f48655f7b8bf7e420d13d.debug ..
--1362816--   .. build-id is valid
--1362816-- Reading syms from /usr/libexec/valgrind/memcheck-amd64-linux
--1362816--    object doesn't have a symbol table
--1362816--    object doesn't have a dynamic symbol table
--1362816-- Scheduler: using generic scheduler lock implementation.
--1362816-- Reading suppressions file: /usr/libexec/valgrind/default.supp
==1362816== embedded gdbserver: reading from /tmp/vgdb-pipe-from-vgdb-to-1362816-by-paromero-on-???
==1362816== embedded gdbserver: writing to   /tmp/vgdb-pipe-to-vgdb-from-1362816-by-paromero-on-???
==1362816== embedded gdbserver: shared mem   /tmp/vgdb-pipe-shared-mem-vgdb-1362816-by-paromero-on-???
==1362816== 
==1362816== TO CONTROL THIS PROCESS USING vgdb (which you probably
==1362816== don't want to do, unless you know exactly what you're doing,
==1362816== or are doing some strange experiment):
==1362816==   /usr/bin/vgdb --pid=1362816 ...command...
==1362816== 
==1362816== TO DEBUG THIS PROCESS USING GDB: start GDB like this
==1362816==   /path/to/gdb ./minishell
==1362816== and then give GDB the following command
==1362816==   target remote | /usr/bin/vgdb --pid=1362816
==1362816== --pid is optional if only one valgrind process is running
==1362816== 
--1362816-- REDIR: 0x402aa40 (ld-linux-x86-64.so.2:strlen) redirected to 0x580bcec2 (???)
--1362816-- REDIR: 0x402a810 (ld-linux-x86-64.so.2:index) redirected to 0x580bcedc (???)
--1362816-- Reading syms from /usr/libexec/valgrind/vgpreload_core-amd64-linux.so
--1362816--    object doesn't have a symbol table
--1362816-- Reading syms from /usr/libexec/valgrind/vgpreload_memcheck-amd64-linux.so
--1362816--    object doesn't have a symbol table
==1362816== WARNING: new redirection conflicts with existing -- ignoring it
--1362816--     old: 0x0402aa40 (strlen              ) R-> (0000.0) 0x580bcec2 ???
--1362816--     new: 0x0402aa40 (strlen              ) R-> (2007.0) 0x0484ee30 strlen
--1362816-- REDIR: 0x4027220 (ld-linux-x86-64.so.2:strcmp) redirected to 0x484fcd0 (strcmp)
--1362816-- REDIR: 0x402afa0 (ld-linux-x86-64.so.2:mempcpy) redirected to 0x4853840 (mempcpy)
--1362816-- Reading syms from /usr/lib/x86_64-linux-gnu/libreadline.so.8.1
--1362816--    object doesn't have a symbol table
--1362816-- Reading syms from /usr/lib/x86_64-linux-gnu/libncurses.so.6.3
--1362816--    object doesn't have a symbol table
--1362816-- Reading syms from /usr/lib/x86_64-linux-gnu/libtinfo.so.6.3
--1362816--    object doesn't have a symbol table
--1362816-- Reading syms from /usr/lib/x86_64-linux-gnu/libc.so.6
--1362816--   Considering /usr/lib/debug/.build-id/d5/197096f709801829b118af1b7cf6631efa2dcd.debug ..
--1362816--   .. build-id is valid
==1362816== WARNING: new redirection conflicts with existing -- ignoring it
--1362816--     old: 0x049c7c60 (memalign            ) R-> (1011.0) 0x0484e080 memalign
--1362816--     new: 0x049c7c60 (memalign            ) R-> (1017.0) 0x0484e050 aligned_alloc
==1362816== WARNING: new redirection conflicts with existing -- ignoring it
--1362816--     old: 0x049c7c60 (memalign            ) R-> (1011.0) 0x0484e080 memalign
--1362816--     new: 0x049c7c60 (memalign            ) R-> (1017.0) 0x0484e020 aligned_alloc
==1362816== WARNING: new redirection conflicts with existing -- ignoring it
--1362816--     old: 0x049c7c60 (memalign            ) R-> (1011.0) 0x0484e080 memalign
--1362816--     new: 0x049c7c60 (memalign            ) R-> (1017.0) 0x0484e050 aligned_alloc
==1362816== WARNING: new redirection conflicts with existing -- ignoring it
--1362816--     old: 0x049c7c60 (memalign            ) R-> (1011.0) 0x0484e080 memalign
--1362816--     new: 0x049c7c60 (memalign            ) R-> (1017.0) 0x0484e020 aligned_alloc
--1362816-- REDIR: 0x49ca720 (libc.so.6:strnlen) redirected to 0x483f220 (_vgnU_ifunc_wrapper)
--1362816-- REDIR: 0x49ca9e0 (libc.so.6:strpbrk) redirected to 0x483f220 (_vgnU_ifunc_wrapper)
--1362816-- REDIR: 0x49ca2e0 (libc.so.6:strcmp) redirected to 0x483f220 (_vgnU_ifunc_wrapper)
--1362816-- REDIR: 0x49e8cd0 (libc.so.6:wcsnlen) redirected to 0x483f220 (_vgnU_ifunc_wrapper)
--1362816-- REDIR: 0x49cb6d0 (libc.so.6:memset) redirected to 0x483f220 (_vgnU_ifunc_wrapper)
--1362816-- REDIR: 0x49e7540 (libc.so.6:wcslen) redirected to 0x483f220 (_vgnU_ifunc_wrapper)
--1362816-- REDIR: 0x49cbc10 (libc.so.6:memcpy@@GLIBC_2.14) redirected to 0x483f220 (_vgnU_ifunc_wrapper)
--1362816-- REDIR: 0x49e7370 (libc.so.6:wcschr) redirected to 0x483f220 (_vgnU_ifunc_wrapper)
--1362816-- REDIR: 0x49ca260 (libc.so.6:index) redirected to 0x483f220 (_vgnU_ifunc_wrapper)
--1362816-- REDIR: 0x49ca960 (libc.so.6:rindex) redirected to 0x483f220 (_vgnU_ifunc_wrapper)
--1362816-- REDIR: 0x49cb5a0 (libc.so.6:memmove) redirected to 0x483f220 (_vgnU_ifunc_wrapper)
==1362816== Preferring higher priority redirection:
--1362816--     old: 0x04ac27c0 (__memcpy_avx_unalign) R-> (2018.0) 0x04850f90 __memcpy_avx_unaligned_erms
--1362816--     new: 0x04ac27c0 (__memcpy_avx_unalign) R-> (2018.1) 0x04852880 memmove
--1362816-- REDIR: 0x49e73f0 (libc.so.6:wcscmp) redirected to 0x483f220 (_vgnU_ifunc_wrapper)
--1362816-- REDIR: 0x49cb9e0 (libc.so.6:stpncpy) redirected to 0x483f220 (_vgnU_ifunc_wrapper)
--1362816-- REDIR: 0x49e79b0 (libc.so.6:wmemchr) redirected to 0x483f220 (_vgnU_ifunc_wrapper)
--1362816-- REDIR: 0x49ca830 (libc.so.6:strncmp) redirected to 0x483f220 (_vgnU_ifunc_wrapper)
--1362816-- REDIR: 0x49cba70 (libc.so.6:strcasecmp) redirected to 0x483f220 (_vgnU_ifunc_wrapper)
--1362816-- REDIR: 0x49ca420 (libc.so.6:strcspn) redirected to 0x483f220 (_vgnU_ifunc_wrapper)
--1362816-- REDIR: 0x49e7470 (libc.so.6:wcscpy) redirected to 0x483f220 (_vgnU_ifunc_wrapper)
--1362816-- REDIR: 0x49ca1d0 (libc.so.6:strcat) redirected to 0x483f220 (_vgnU_ifunc_wrapper)
--1362816-- REDIR: 0x49cbb60 (libc.so.6:strncasecmp_l) redirected to 0x483f220 (_vgnU_ifunc_wrapper)
--1362816-- REDIR: 0x49cb480 (libc.so.6:bcmp) redirected to 0x483f220 (_vgnU_ifunc_wrapper)
--1362816-- REDIR: 0x49d3570 (libc.so.6:memrchr) redirected to 0x483f220 (_vgnU_ifunc_wrapper)
--1362816-- REDIR: 0x49cd010 (libc.so.6:strchrnul) redirected to 0x483f220 (_vgnU_ifunc_wrapper)
--1362816-- REDIR: 0x49ca390 (libc.so.6:strcpy) redirected to 0x483f220 (_vgnU_ifunc_wrapper)
--1362816-- REDIR: 0x49cbb10 (libc.so.6:strcasecmp_l) redirected to 0x483f220 (_vgnU_ifunc_wrapper)
--1362816-- REDIR: 0x49ca6a0 (libc.so.6:strlen) redirected to 0x483f220 (_vgnU_ifunc_wrapper)
--1362816-- REDIR: 0x49ca8d0 (libc.so.6:strncpy) redirected to 0x483f220 (_vgnU_ifunc_wrapper)
--1362816-- REDIR: 0x49cb950 (libc.so.6:stpcpy) redirected to 0x483f220 (_vgnU_ifunc_wrapper)
--1362816-- REDIR: 0x49cb3f0 (libc.so.6:memchr) redirected to 0x483f220 (_vgnU_ifunc_wrapper)
--1362816-- REDIR: 0x49cab00 (libc.so.6:strspn) redirected to 0x483f220 (_vgnU_ifunc_wrapper)
--1362816-- REDIR: 0x49cb7d0 (libc.so.6:mempcpy) redirected to 0x483f220 (_vgnU_ifunc_wrapper)
--1362816-- REDIR: 0x49cbac0 (libc.so.6:strncasecmp) redirected to 0x483f220 (_vgnU_ifunc_wrapper)
--1362816-- REDIR: 0x49ccf80 (libc.so.6:rawmemchr) redirected to 0x483f220 (_vgnU_ifunc_wrapper)
--1362816-- REDIR: 0x49ca7a0 (libc.so.6:strncat) redirected to 0x483f220 (_vgnU_ifunc_wrapper)
--1362816-- REDIR: 0x4a56280 (libc.so.6:__memcpy_chk) redirected to 0x483f220 (_vgnU_ifunc_wrapper)
--1362816-- REDIR: 0x49cb310 (libc.so.6:strstr) redirected to 0x483f220 (_vgnU_ifunc_wrapper)
--1362816-- REDIR: 0x4abf610 (libc.so.6:__strrchr_avx2) redirected to 0x484e810 (rindex)
--1362816-- REDIR: 0x49c70a0 (libc.so.6:malloc) redirected to 0x4848820 (malloc)
--1362816-- REDIR: 0x49c73e0 (libc.so.6:free) redirected to 0x484b210 (free)
--1362816-- REDIR: 0x4abf7e0 (libc.so.6:__strlen_avx2) redirected to 0x484ed10 (strlen)
--1362816-- REDIR: 0x4ac27c0 (libc.so.6:__memcpy_avx_unaligned_erms) redirected to 0x4852880 (memmove)
--1362816-- REDIR: 0x4abad80 (libc.so.6:__strncmp_avx2) redirected to 0x484f3e0 (strncmp)
--1362816-- REDIR: 0x4abf400 (libc.so.6:__strchrnul_avx2) redirected to 0x4853330 (strchrnul)
--1362816-- REDIR: 0x4967150 (libc.so.6:setenv) redirected to 0x48542d0 (setenv)
--1362816-- REDIR: 0x4abf180 (libc.so.6:__strchr_avx2) redirected to 0x484e9f0 (index)
--1362816-- REDIR: 0x49c7740 (libc.so.6:realloc) redirected to 0x484dc50 (realloc)
--1362816-- REDIR: 0x4ac2780 (libc.so.6:__mempcpy_avx_unaligned_erms) redirected to 0x4853440 (mempcpy)
--1362816-- REDIR: 0x4aba940 (libc.so.6:__strcmp_avx2) redirected to 0x484fbd0 (strcmp)
--1362816-- REDIR: 0x4ac2f80 (libc.so.6:__memset_avx2_unaligned_erms) redirected to 0x4852770 (memset)
--1362816-- REDIR: 0x49c8520 (libc.so.6:calloc) redirected to 0x484d9d0 (calloc)
--1362816-- REDIR: 0x4abf960 (libc.so.6:__strnlen_avx2) redirected to 0x484ecb0 (strnlen)
--1362816-- REDIR: 0x4ac0cb0 (libc.so.6:__strcpy_avx2) redirected to 0x484ee60 (strcpy)
--1362816-- REDIR: 0x49cafc0 (libc.so.6:__GI_strstr) redirected to 0x4853ae0 (__strstr_sse2)
--1362816-- REDIR: 0x4ac2790 (libc.so.6:__memcpy_chk_avx_unaligned_erms) redirected to 0x4853940 (__memcpy_chk)
--1362816-- REDIR: 0x4ac1040 (libc.so.6:__strncpy_avx2) redirected to 0x484efe0 (strncpy)
--1362816-- REDIR: 0x4abb2c0 (libc.so.6:__memchr_avx2) redirected to 0x484fd50 (memchr)
--1362816-- REDIR: 0x4abc144 (libc.so.6:__strcasecmp_l_avx) redirected to 0x484f7e0 (strcasecmp_l)
--1362816-- REDIR: 0x4ac19a0 (libc.so.6:__stpcpy_avx2) redirected to 0x4852130 (stpcpy)
--1362816-- REDIR: 0x4abc130 (libc.so.6:__strcasecmp_avx) redirected to 0x484f560 (strcasecmp)
--1362816-- REDIR: 0x4abd7b0 (libc.so.6:__strncasecmp_avx) redirected to 0x484f640 (strncasecmp)
--1362816-- REDIR: 0x4abba80 (libc.so.6:__memcmp_avx2_movbe) redirected to 0x4852010 (bcmp)
==1362816== 
==1362816== HEAP SUMMARY:
==1362816==     in use at exit: 208,307 bytes in 222 blocks
==1362816==   total heap usage: 722 allocs, 500 frees, 247,691 bytes allocated
==1362816== 
==1362816== Searching for pointers to 222 not-freed blocks
==1362816== Checked 266,752 bytes
==1362816== 
==1362816== 8 bytes in 1 blocks are still reachable in loss record 1 of 63
==1362816==    at 0x4848899: malloc (in /usr/libexec/valgrind/vgpreload_memcheck-amd64-linux.so)
==1362816==    by 0x49CA58E: strdup (strdup.c:42)
==1362816==    by 0x490DD17: _nc_trim_sgr0 (in /usr/lib/x86_64-linux-gnu/libtinfo.so.6.3)
==1362816==    by 0x490C6A8: tgetent_sp (in /usr/lib/x86_64-linux-gnu/libtinfo.so.6.3)
==1362816==    by 0x48A91CD: _rl_init_terminal_io (in /usr/lib/x86_64-linux-gnu/libreadline.so.8.1)
==1362816==    by 0x4895A0F: rl_initialize (in /usr/lib/x86_64-linux-gnu/libreadline.so.8.1)
==1362816==    by 0x4895CD4: readline (in /usr/lib/x86_64-linux-gnu/libreadline.so.8.1)
==1362816==    by 0x401500: minishell (in /home/paromero/Desktop/minishell/minishell)
==1362816==    by 0x4015DF: main (in /home/paromero/Desktop/minishell/minishell)
==1362816== 
==1362816== 8 bytes in 1 blocks are still reachable in loss record 2 of 63
==1362816==    at 0x484DCD3: realloc (in /usr/libexec/valgrind/vgpreload_memcheck-amd64-linux.so)
==1362816==    by 0x48AE491: xrealloc (in /usr/lib/x86_64-linux-gnu/libreadline.so.8.1)
==1362816==    by 0x489A626: ??? (in /usr/lib/x86_64-linux-gnu/libreadline.so.8.1)
==1362816==    by 0x489AE0D: rl_expand_prompt (in /usr/lib/x86_64-linux-gnu/libreadline.so.8.1)
==1362816==    by 0x488A1BF: rl_set_prompt (in /usr/lib/x86_64-linux-gnu/libreadline.so.8.1)
==1362816==    by 0x4895CCF: readline (in /usr/lib/x86_64-linux-gnu/libreadline.so.8.1)
==1362816==    by 0x401500: minishell (in /home/paromero/Desktop/minishell/minishell)
==1362816==    by 0x4015DF: main (in /home/paromero/Desktop/minishell/minishell)
==1362816== 
==1362816== 13 bytes in 1 blocks are still reachable in loss record 3 of 63
==1362816==    at 0x4848899: malloc (in /usr/libexec/valgrind/vgpreload_memcheck-amd64-linux.so)
==1362816==    by 0x48ADBAC: xmalloc (in /usr/lib/x86_64-linux-gnu/libreadline.so.8.1)
==1362816==    by 0x489BBF5: ??? (in /usr/lib/x86_64-linux-gnu/libreadline.so.8.1)
==1362816==    by 0x4895A38: rl_initialize (in /usr/lib/x86_64-linux-gnu/libreadline.so.8.1)
==1362816==    by 0x4895CD4: readline (in /usr/lib/x86_64-linux-gnu/libreadline.so.8.1)
==1362816==    by 0x401500: minishell (in /home/paromero/Desktop/minishell/minishell)
==1362816==    by 0x4015DF: main (in /home/paromero/Desktop/minishell/minishell)
==1362816== 
==1362816== 14 bytes in 1 blocks are still reachable in loss record 4 of 63
==1362816==    at 0x484DCD3: realloc (in /usr/libexec/valgrind/vgpreload_memcheck-amd64-linux.so)
==1362816==    by 0x49006CC: _nc_doalloc (in /usr/lib/x86_64-linux-gnu/libtinfo.so.6.3)
==1362816==    by 0x4907272: _nc_tiparm (in /usr/lib/x86_64-linux-gnu/libtinfo.so.6.3)
==1362816==    by 0x490DC7D: ??? (in /usr/lib/x86_64-linux-gnu/libtinfo.so.6.3)
==1362816==    by 0x490DD09: _nc_trim_sgr0 (in /usr/lib/x86_64-linux-gnu/libtinfo.so.6.3)
==1362816==    by 0x490C6A8: tgetent_sp (in /usr/lib/x86_64-linux-gnu/libtinfo.so.6.3)
==1362816==    by 0x48A91CD: _rl_init_terminal_io (in /usr/lib/x86_64-linux-gnu/libreadline.so.8.1)
==1362816==    by 0x4895A0F: rl_initialize (in /usr/lib/x86_64-linux-gnu/libreadline.so.8.1)
==1362816==    by 0x4895CD4: readline (in /usr/lib/x86_64-linux-gnu/libreadline.so.8.1)
==1362816==    by 0x401500: minishell (in /home/paromero/Desktop/minishell/minishell)
==1362816==    by 0x4015DF: main (in /home/paromero/Desktop/minishell/minishell)
==1362816== 
==1362816== 15 bytes in 1 blocks are still reachable in loss record 5 of 63
==1362816==    at 0x4848899: malloc (in /usr/libexec/valgrind/vgpreload_memcheck-amd64-linux.so)
==1362816==    by 0x49CA58E: strdup (strdup.c:42)
==1362816==    by 0x48FF377: ??? (in /usr/lib/x86_64-linux-gnu/libtinfo.so.6.3)
==1362816==    by 0x4901BF8: _nc_first_db (in /usr/lib/x86_64-linux-gnu/libtinfo.so.6.3)
==1362816==    by 0x490B696: _nc_read_entry2 (in /usr/lib/x86_64-linux-gnu/libtinfo.so.6.3)
==1362816==    by 0x490B711: ??? (in /usr/lib/x86_64-linux-gnu/libtinfo.so.6.3)
==1362816==    by 0x490B866: _nc_setupterm (in /usr/lib/x86_64-linux-gnu/libtinfo.so.6.3)
==1362816==    by 0x490C4C9: tgetent_sp (in /usr/lib/x86_64-linux-gnu/libtinfo.so.6.3)
==1362816==    by 0x48A91CD: _rl_init_terminal_io (in /usr/lib/x86_64-linux-gnu/libreadline.so.8.1)
==1362816==    by 0x4895A0F: rl_initialize (in /usr/lib/x86_64-linux-gnu/libreadline.so.8.1)
==1362816==    by 0x4895CD4: readline (in /usr/lib/x86_64-linux-gnu/libreadline.so.8.1)
==1362816==    by 0x401500: minishell (in /home/paromero/Desktop/minishell/minishell)
==1362816== 
==1362816== 15 bytes in 1 blocks are still reachable in loss record 6 of 63
==1362816==    at 0x4848899: malloc (in /usr/libexec/valgrind/vgpreload_memcheck-amd64-linux.so)
==1362816==    by 0x49CA58E: strdup (strdup.c:42)
==1362816==    by 0x490B8AE: _nc_setupterm (in /usr/lib/x86_64-linux-gnu/libtinfo.so.6.3)
==1362816==    by 0x490C4C9: tgetent_sp (in /usr/lib/x86_64-linux-gnu/libtinfo.so.6.3)
==1362816==    by 0x48A91CD: _rl_init_terminal_io (in /usr/lib/x86_64-linux-gnu/libreadline.so.8.1)
==1362816==    by 0x4895A0F: rl_initialize (in /usr/lib/x86_64-linux-gnu/libreadline.so.8.1)
==1362816==    by 0x4895CD4: readline (in /usr/lib/x86_64-linux-gnu/libreadline.so.8.1)
==1362816==    by 0x401500: minishell (in /home/paromero/Desktop/minishell/minishell)
==1362816==    by 0x4015DF: main (in /home/paromero/Desktop/minishell/minishell)
==1362816== 
==1362816== 16 bytes in 1 blocks are still reachable in loss record 7 of 63
==1362816==    at 0x4848899: malloc (in /usr/libexec/valgrind/vgpreload_memcheck-amd64-linux.so)
==1362816==    by 0x4895B26: rl_initialize (in /usr/lib/x86_64-linux-gnu/libreadline.so.8.1)
==1362816==    by 0x4895CD4: readline (in /usr/lib/x86_64-linux-gnu/libreadline.so.8.1)
==1362816==    by 0x401500: minishell (in /home/paromero/Desktop/minishell/minishell)
==1362816==    by 0x4015DF: main (in /home/paromero/Desktop/minishell/minishell)
==1362816== 
==1362816== 20 bytes in 1 blocks are still reachable in loss record 8 of 63
==1362816==    at 0x4848899: malloc (in /usr/libexec/valgrind/vgpreload_memcheck-amd64-linux.so)
==1362816==    by 0x48ADBAC: xmalloc (in /usr/lib/x86_64-linux-gnu/libreadline.so.8.1)
==1362816==    by 0x4898D8B: ??? (in /usr/lib/x86_64-linux-gnu/libreadline.so.8.1)
==1362816==    by 0x489B6C9: rl_parse_and_bind (in /usr/lib/x86_64-linux-gnu/libreadline.so.8.1)
==1362816==    by 0x489BB6C: ??? (in /usr/lib/x86_64-linux-gnu/libreadline.so.8.1)
==1362816==    by 0x4895A38: rl_initialize (in /usr/lib/x86_64-linux-gnu/libreadline.so.8.1)
==1362816==    by 0x4895CD4: readline (in /usr/lib/x86_64-linux-gnu/libreadline.so.8.1)
==1362816==    by 0x401500: minishell (in /home/paromero/Desktop/minishell/minishell)
==1362816==    by 0x4015DF: main (in /home/paromero/Desktop/minishell/minishell)
==1362816== 
==1362816== 24 bytes in 1 blocks are still reachable in loss record 9 of 63
==1362816==    at 0x4848899: malloc (in /usr/libexec/valgrind/vgpreload_memcheck-amd64-linux.so)
==1362816==    by 0x4A41F34: tsearch (tsearch.c:337)
==1362816==    by 0x4903D6E: ??? (in /usr/lib/x86_64-linux-gnu/libtinfo.so.6.3)
==1362816==    by 0x4907098: _nc_tiparm (in /usr/lib/x86_64-linux-gnu/libtinfo.so.6.3)
==1362816==    by 0x490DC7D: ??? (in /usr/lib/x86_64-linux-gnu/libtinfo.so.6.3)
==1362816==    by 0x490DD09: _nc_trim_sgr0 (in /usr/lib/x86_64-linux-gnu/libtinfo.so.6.3)
==1362816==    by 0x490C6A8: tgetent_sp (in /usr/lib/x86_64-linux-gnu/libtinfo.so.6.3)
==1362816==    by 0x48A91CD: _rl_init_terminal_io (in /usr/lib/x86_64-linux-gnu/libreadline.so.8.1)
==1362816==    by 0x4895A0F: rl_initialize (in /usr/lib/x86_64-linux-gnu/libreadline.so.8.1)
==1362816==    by 0x4895CD4: readline (in /usr/lib/x86_64-linux-gnu/libreadline.so.8.1)
==1362816==    by 0x401500: minishell (in /home/paromero/Desktop/minishell/minishell)
==1362816==    by 0x4015DF: main (in /home/paromero/Desktop/minishell/minishell)
==1362816== 
==1362816== 27 bytes in 1 blocks are still reachable in loss record 10 of 63
==1362816==    at 0x4848899: malloc (in /usr/libexec/valgrind/vgpreload_memcheck-amd64-linux.so)
==1362816==    by 0x4901624: _nc_home_terminfo (in /usr/lib/x86_64-linux-gnu/libtinfo.so.6.3)
==1362816==    by 0x4901BE2: _nc_first_db (in /usr/lib/x86_64-linux-gnu/libtinfo.so.6.3)
==1362816==    by 0x490B696: _nc_read_entry2 (in /usr/lib/x86_64-linux-gnu/libtinfo.so.6.3)
==1362816==    by 0x490B711: ??? (in /usr/lib/x86_64-linux-gnu/libtinfo.so.6.3)
==1362816==    by 0x490B866: _nc_setupterm (in /usr/lib/x86_64-linux-gnu/libtinfo.so.6.3)
==1362816==    by 0x490C4C9: tgetent_sp (in /usr/lib/x86_64-linux-gnu/libtinfo.so.6.3)
==1362816==    by 0x48A91CD: _rl_init_terminal_io (in /usr/lib/x86_64-linux-gnu/libreadline.so.8.1)
==1362816==    by 0x4895A0F: rl_initialize (in /usr/lib/x86_64-linux-gnu/libreadline.so.8.1)
==1362816==    by 0x4895CD4: readline (in /usr/lib/x86_64-linux-gnu/libreadline.so.8.1)
==1362816==    by 0x401500: minishell (in /home/paromero/Desktop/minishell/minishell)
==1362816==    by 0x4015DF: main (in /home/paromero/Desktop/minishell/minishell)
==1362816== 
==1362816== 46 bytes in 1 blocks are still reachable in loss record 11 of 63
==1362816==    at 0x484DCD3: realloc (in /usr/libexec/valgrind/vgpreload_memcheck-amd64-linux.so)
==1362816==    by 0x49006CC: _nc_doalloc (in /usr/lib/x86_64-linux-gnu/libtinfo.so.6.3)
==1362816==    by 0x490B16F: _nc_read_termtype (in /usr/lib/x86_64-linux-gnu/libtinfo.so.6.3)
==1362816==    by 0x490B52A: ??? (in /usr/lib/x86_64-linux-gnu/libtinfo.so.6.3)
==1362816==    by 0x490DC40: ??? (in /usr/lib/x86_64-linux-gnu/libtinfo.so.6.3)
==1362816==    by 0x490B6BB: _nc_read_entry2 (in /usr/lib/x86_64-linux-gnu/libtinfo.so.6.3)
==1362816==    by 0x490B711: ??? (in /usr/lib/x86_64-linux-gnu/libtinfo.so.6.3)
==1362816==    by 0x490B866: _nc_setupterm (in /usr/lib/x86_64-linux-gnu/libtinfo.so.6.3)
==1362816==    by 0x490C4C9: tgetent_sp (in /usr/lib/x86_64-linux-gnu/libtinfo.so.6.3)
==1362816==    by 0x48A91CD: _rl_init_terminal_io (in /usr/lib/x86_64-linux-gnu/libreadline.so.8.1)
==1362816==    by 0x4895A0F: rl_initialize (in /usr/lib/x86_64-linux-gnu/libreadline.so.8.1)
==1362816==    by 0x4895CD4: readline (in /usr/lib/x86_64-linux-gnu/libreadline.so.8.1)
==1362816== 
==1362816== 46 bytes in 1 blocks are still reachable in loss record 12 of 63
==1362816==    at 0x4848899: malloc (in /usr/libexec/valgrind/vgpreload_memcheck-amd64-linux.so)
==1362816==    by 0x48FFFDE: ??? (in /usr/lib/x86_64-linux-gnu/libtinfo.so.6.3)
==1362816==    by 0x490B87D: _nc_setupterm (in /usr/lib/x86_64-linux-gnu/libtinfo.so.6.3)
==1362816==    by 0x490C4C9: tgetent_sp (in /usr/lib/x86_64-linux-gnu/libtinfo.so.6.3)
==1362816==    by 0x48A91CD: _rl_init_terminal_io (in /usr/lib/x86_64-linux-gnu/libreadline.so.8.1)
==1362816==    by 0x4895A0F: rl_initialize (in /usr/lib/x86_64-linux-gnu/libreadline.so.8.1)
==1362816==    by 0x4895CD4: readline (in /usr/lib/x86_64-linux-gnu/libreadline.so.8.1)
==1362816==    by 0x401500: minishell (in /home/paromero/Desktop/minishell/minishell)
==1362816==    by 0x4015DF: main (in /home/paromero/Desktop/minishell/minishell)
==1362816== 
==1362816== 48 bytes in 1 blocks are still reachable in loss record 13 of 63
==1362816==    at 0x484DA83: calloc (in /usr/libexec/valgrind/vgpreload_memcheck-amd64-linux.so)
==1362816==    by 0x4901833: _nc_first_db (in /usr/lib/x86_64-linux-gnu/libtinfo.so.6.3)
==1362816==    by 0x490B696: _nc_read_entry2 (in /usr/lib/x86_64-linux-gnu/libtinfo.so.6.3)
==1362816==    by 0x490B711: ??? (in /usr/lib/x86_64-linux-gnu/libtinfo.so.6.3)
==1362816==    by 0x490B866: _nc_setupterm (in /usr/lib/x86_64-linux-gnu/libtinfo.so.6.3)
==1362816==    by 0x490C4C9: tgetent_sp (in /usr/lib/x86_64-linux-gnu/libtinfo.so.6.3)
==1362816==    by 0x48A91CD: _rl_init_terminal_io (in /usr/lib/x86_64-linux-gnu/libreadline.so.8.1)
==1362816==    by 0x4895A0F: rl_initialize (in /usr/lib/x86_64-linux-gnu/libreadline.so.8.1)
==1362816==    by 0x4895CD4: readline (in /usr/lib/x86_64-linux-gnu/libreadline.so.8.1)
==1362816==    by 0x401500: minishell (in /home/paromero/Desktop/minishell/minishell)
==1362816==    by 0x4015DF: main (in /home/paromero/Desktop/minishell/minishell)
==1362816== 
==1362816== 75 bytes in 1 blocks are still reachable in loss record 14 of 63
==1362816==    at 0x4848899: malloc (in /usr/libexec/valgrind/vgpreload_memcheck-amd64-linux.so)
==1362816==    by 0x48ADBAC: xmalloc (in /usr/lib/x86_64-linux-gnu/libreadline.so.8.1)
==1362816==    by 0x488A1E3: rl_set_prompt (in /usr/lib/x86_64-linux-gnu/libreadline.so.8.1)
==1362816==    by 0x4895CCF: readline (in /usr/lib/x86_64-linux-gnu/libreadline.so.8.1)
==1362816==    by 0x401500: minishell (in /home/paromero/Desktop/minishell/minishell)
==1362816==    by 0x4015DF: main (in /home/paromero/Desktop/minishell/minishell)
==1362816== 
==1362816== 75 bytes in 1 blocks are still reachable in loss record 15 of 63
==1362816==    at 0x4848899: malloc (in /usr/libexec/valgrind/vgpreload_memcheck-amd64-linux.so)
==1362816==    by 0x48ADBAC: xmalloc (in /usr/lib/x86_64-linux-gnu/libreadline.so.8.1)
==1362816==    by 0x489A5F2: ??? (in /usr/lib/x86_64-linux-gnu/libreadline.so.8.1)
==1362816==    by 0x489AE0D: rl_expand_prompt (in /usr/lib/x86_64-linux-gnu/libreadline.so.8.1)
==1362816==    by 0x488A1BF: rl_set_prompt (in /usr/lib/x86_64-linux-gnu/libreadline.so.8.1)
==1362816==    by 0x4895CCF: readline (in /usr/lib/x86_64-linux-gnu/libreadline.so.8.1)
==1362816==    by 0x401500: minishell (in /home/paromero/Desktop/minishell/minishell)
==1362816==    by 0x4015DF: main (in /home/paromero/Desktop/minishell/minishell)
==1362816== 
==1362816== 78 bytes in 1 blocks are still reachable in loss record 16 of 63
==1362816==    at 0x4848899: malloc (in /usr/libexec/valgrind/vgpreload_memcheck-amd64-linux.so)
==1362816==    by 0x490004B: ??? (in /usr/lib/x86_64-linux-gnu/libtinfo.so.6.3)
==1362816==    by 0x490B87D: _nc_setupterm (in /usr/lib/x86_64-linux-gnu/libtinfo.so.6.3)
==1362816==    by 0x490C4C9: tgetent_sp (in /usr/lib/x86_64-linux-gnu/libtinfo.so.6.3)
==1362816==    by 0x48A91CD: _rl_init_terminal_io (in /usr/lib/x86_64-linux-gnu/libreadline.so.8.1)
==1362816==    by 0x4895A0F: rl_initialize (in /usr/lib/x86_64-linux-gnu/libreadline.so.8.1)
==1362816==    by 0x4895CD4: readline (in /usr/lib/x86_64-linux-gnu/libreadline.so.8.1)
==1362816==    by 0x401500: minishell (in /home/paromero/Desktop/minishell/minishell)
==1362816==    by 0x4015DF: main (in /home/paromero/Desktop/minishell/minishell)
==1362816== 
==1362816== 93 bytes in 1 blocks are still reachable in loss record 17 of 63
==1362816==    at 0x4848899: malloc (in /usr/libexec/valgrind/vgpreload_memcheck-amd64-linux.so)
==1362816==    by 0x49CA58E: strdup (strdup.c:42)
==1362816==    by 0x4903D54: ??? (in /usr/lib/x86_64-linux-gnu/libtinfo.so.6.3)
==1362816==    by 0x4907098: _nc_tiparm (in /usr/lib/x86_64-linux-gnu/libtinfo.so.6.3)
==1362816==    by 0x490DC7D: ??? (in /usr/lib/x86_64-linux-gnu/libtinfo.so.6.3)
==1362816==    by 0x490DD09: _nc_trim_sgr0 (in /usr/lib/x86_64-linux-gnu/libtinfo.so.6.3)
==1362816==    by 0x490C6A8: tgetent_sp (in /usr/lib/x86_64-linux-gnu/libtinfo.so.6.3)
==1362816==    by 0x48A91CD: _rl_init_terminal_io (in /usr/lib/x86_64-linux-gnu/libreadline.so.8.1)
==1362816==    by 0x4895A0F: rl_initialize (in /usr/lib/x86_64-linux-gnu/libreadline.so.8.1)
==1362816==    by 0x4895CD4: readline (in /usr/lib/x86_64-linux-gnu/libreadline.so.8.1)
==1362816==    by 0x401500: minishell (in /home/paromero/Desktop/minishell/minishell)
==1362816==    by 0x4015DF: main (in /home/paromero/Desktop/minishell/minishell)
==1362816== 
==1362816== 94 bytes in 1 blocks are still reachable in loss record 18 of 63
==1362816==    at 0x4848899: malloc (in /usr/libexec/valgrind/vgpreload_memcheck-amd64-linux.so)
==1362816==    by 0x490395B: _nc_tparm_analyze (in /usr/lib/x86_64-linux-gnu/libtinfo.so.6.3)
==1362816==    by 0x4903C62: ??? (in /usr/lib/x86_64-linux-gnu/libtinfo.so.6.3)
==1362816==    by 0x4907098: _nc_tiparm (in /usr/lib/x86_64-linux-gnu/libtinfo.so.6.3)
==1362816==    by 0x490DC7D: ??? (in /usr/lib/x86_64-linux-gnu/libtinfo.so.6.3)
==1362816==    by 0x490DD09: _nc_trim_sgr0 (in /usr/lib/x86_64-linux-gnu/libtinfo.so.6.3)
==1362816==    by 0x490C6A8: tgetent_sp (in /usr/lib/x86_64-linux-gnu/libtinfo.so.6.3)
==1362816==    by 0x48A91CD: _rl_init_terminal_io (in /usr/lib/x86_64-linux-gnu/libreadline.so.8.1)
==1362816==    by 0x4895A0F: rl_initialize (in /usr/lib/x86_64-linux-gnu/libreadline.so.8.1)
==1362816==    by 0x4895CD4: readline (in /usr/lib/x86_64-linux-gnu/libreadline.so.8.1)
==1362816==    by 0x401500: minishell (in /home/paromero/Desktop/minishell/minishell)
==1362816==    by 0x4015DF: main (in /home/paromero/Desktop/minishell/minishell)
==1362816== 
==1362816== 96 bytes in 1 blocks are still reachable in loss record 19 of 63
==1362816==    at 0x4848899: malloc (in /usr/libexec/valgrind/vgpreload_memcheck-amd64-linux.so)
==1362816==    by 0x490179A: _nc_first_db (in /usr/lib/x86_64-linux-gnu/libtinfo.so.6.3)
==1362816==    by 0x490B696: _nc_read_entry2 (in /usr/lib/x86_64-linux-gnu/libtinfo.so.6.3)
==1362816==    by 0x490B711: ??? (in /usr/lib/x86_64-linux-gnu/libtinfo.so.6.3)
==1362816==    by 0x490B866: _nc_setupterm (in /usr/lib/x86_64-linux-gnu/libtinfo.so.6.3)
==1362816==    by 0x490C4C9: tgetent_sp (in /usr/lib/x86_64-linux-gnu/libtinfo.so.6.3)
==1362816==    by 0x48A91CD: _rl_init_terminal_io (in /usr/lib/x86_64-linux-gnu/libreadline.so.8.1)
==1362816==    by 0x4895A0F: rl_initialize (in /usr/lib/x86_64-linux-gnu/libreadline.so.8.1)
==1362816==    by 0x4895CD4: readline (in /usr/lib/x86_64-linux-gnu/libreadline.so.8.1)
==1362816==    by 0x401500: minishell (in /home/paromero/Desktop/minishell/minishell)
==1362816==    by 0x4015DF: main (in /home/paromero/Desktop/minishell/minishell)
==1362816== 
==1362816== 156 bytes in 1 blocks are still reachable in loss record 20 of 63
==1362816==    at 0x484DCD3: realloc (in /usr/libexec/valgrind/vgpreload_memcheck-amd64-linux.so)
==1362816==    by 0x49006CC: _nc_doalloc (in /usr/lib/x86_64-linux-gnu/libtinfo.so.6.3)
==1362816==    by 0x490B197: _nc_read_termtype (in /usr/lib/x86_64-linux-gnu/libtinfo.so.6.3)
==1362816==    by 0x490B52A: ??? (in /usr/lib/x86_64-linux-gnu/libtinfo.so.6.3)
==1362816==    by 0x490DC40: ??? (in /usr/lib/x86_64-linux-gnu/libtinfo.so.6.3)
==1362816==    by 0x490B6BB: _nc_read_entry2 (in /usr/lib/x86_64-linux-gnu/libtinfo.so.6.3)
==1362816==    by 0x490B711: ??? (in /usr/lib/x86_64-linux-gnu/libtinfo.so.6.3)
==1362816==    by 0x490B866: _nc_setupterm (in /usr/lib/x86_64-linux-gnu/libtinfo.so.6.3)
==1362816==    by 0x490C4C9: tgetent_sp (in /usr/lib/x86_64-linux-gnu/libtinfo.so.6.3)
==1362816==    by 0x48A91CD: _rl_init_terminal_io (in /usr/lib/x86_64-linux-gnu/libreadline.so.8.1)
==1362816==    by 0x4895A0F: rl_initialize (in /usr/lib/x86_64-linux-gnu/libreadline.so.8.1)
==1362816==    by 0x4895CD4: readline (in /usr/lib/x86_64-linux-gnu/libreadline.so.8.1)
==1362816== 
==1362816== 168 bytes in 1 blocks are still reachable in loss record 21 of 63
==1362816==    at 0x484DA83: calloc (in /usr/libexec/valgrind/vgpreload_memcheck-amd64-linux.so)
==1362816==    by 0x4903CCD: ??? (in /usr/lib/x86_64-linux-gnu/libtinfo.so.6.3)
==1362816==    by 0x4907098: _nc_tiparm (in /usr/lib/x86_64-linux-gnu/libtinfo.so.6.3)
==1362816==    by 0x490DC7D: ??? (in /usr/lib/x86_64-linux-gnu/libtinfo.so.6.3)
==1362816==    by 0x490DD09: _nc_trim_sgr0 (in /usr/lib/x86_64-linux-gnu/libtinfo.so.6.3)
==1362816==    by 0x490C6A8: tgetent_sp (in /usr/lib/x86_64-linux-gnu/libtinfo.so.6.3)
==1362816==    by 0x48A91CD: _rl_init_terminal_io (in /usr/lib/x86_64-linux-gnu/libreadline.so.8.1)
==1362816==    by 0x4895A0F: rl_initialize (in /usr/lib/x86_64-linux-gnu/libreadline.so.8.1)
==1362816==    by 0x4895CD4: readline (in /usr/lib/x86_64-linux-gnu/libreadline.so.8.1)
==1362816==    by 0x401500: minishell (in /home/paromero/Desktop/minishell/minishell)
==1362816==    by 0x4015DF: main (in /home/paromero/Desktop/minishell/minishell)
==1362816== 
==1362816== 256 bytes in 1 blocks are still reachable in loss record 22 of 63
==1362816==    at 0x4848899: malloc (in /usr/libexec/valgrind/vgpreload_memcheck-amd64-linux.so)
==1362816==    by 0x48ADBAC: xmalloc (in /usr/lib/x86_64-linux-gnu/libreadline.so.8.1)
==1362816==    by 0x4895C86: rl_initialize (in /usr/lib/x86_64-linux-gnu/libreadline.so.8.1)
==1362816==    by 0x4895CD4: readline (in /usr/lib/x86_64-linux-gnu/libreadline.so.8.1)
==1362816==    by 0x401500: minishell (in /home/paromero/Desktop/minishell/minishell)
==1362816==    by 0x4015DF: main (in /home/paromero/Desktop/minishell/minishell)
==1362816== 
==1362816== 608 bytes in 1 blocks are still reachable in loss record 23 of 63
==1362816==    at 0x484DA83: calloc (in /usr/libexec/valgrind/vgpreload_memcheck-amd64-linux.so)
==1362816==    by 0x490B37E: _nc_read_termtype (in /usr/lib/x86_64-linux-gnu/libtinfo.so.6.3)
==1362816==    by 0x490B52A: ??? (in /usr/lib/x86_64-linux-gnu/libtinfo.so.6.3)
==1362816==    by 0x490DC40: ??? (in /usr/lib/x86_64-linux-gnu/libtinfo.so.6.3)
==1362816==    by 0x490B6BB: _nc_read_entry2 (in /usr/lib/x86_64-linux-gnu/libtinfo.so.6.3)
==1362816==    by 0x490B711: ??? (in /usr/lib/x86_64-linux-gnu/libtinfo.so.6.3)
==1362816==    by 0x490B866: _nc_setupterm (in /usr/lib/x86_64-linux-gnu/libtinfo.so.6.3)
==1362816==    by 0x490C4C9: tgetent_sp (in /usr/lib/x86_64-linux-gnu/libtinfo.so.6.3)
==1362816==    by 0x48A91CD: _rl_init_terminal_io (in /usr/lib/x86_64-linux-gnu/libreadline.so.8.1)
==1362816==    by 0x4895A0F: rl_initialize (in /usr/lib/x86_64-linux-gnu/libreadline.so.8.1)
==1362816==    by 0x4895CD4: readline (in /usr/lib/x86_64-linux-gnu/libreadline.so.8.1)
==1362816==    by 0x401500: minishell (in /home/paromero/Desktop/minishell/minishell)
==1362816== 
==1362816== 608 bytes in 1 blocks are still reachable in loss record 24 of 63
==1362816==    at 0x4848899: malloc (in /usr/libexec/valgrind/vgpreload_memcheck-amd64-linux.so)
==1362816==    by 0x4900119: ??? (in /usr/lib/x86_64-linux-gnu/libtinfo.so.6.3)
==1362816==    by 0x490B87D: _nc_setupterm (in /usr/lib/x86_64-linux-gnu/libtinfo.so.6.3)
==1362816==    by 0x490C4C9: tgetent_sp (in /usr/lib/x86_64-linux-gnu/libtinfo.so.6.3)
==1362816==    by 0x48A91CD: _rl_init_terminal_io (in /usr/lib/x86_64-linux-gnu/libreadline.so.8.1)
==1362816==    by 0x4895A0F: rl_initialize (in /usr/lib/x86_64-linux-gnu/libreadline.so.8.1)
==1362816==    by 0x4895CD4: readline (in /usr/lib/x86_64-linux-gnu/libreadline.so.8.1)
==1362816==    by 0x401500: minishell (in /home/paromero/Desktop/minishell/minishell)
==1362816==    by 0x4015DF: main (in /home/paromero/Desktop/minishell/minishell)
==1362816== 
==1362816== 760 bytes in 1 blocks are still reachable in loss record 25 of 63
==1362816==    at 0x484DA83: calloc (in /usr/libexec/valgrind/vgpreload_memcheck-amd64-linux.so)
==1362816==    by 0x490B819: _nc_setupterm (in /usr/lib/x86_64-linux-gnu/libtinfo.so.6.3)
==1362816==    by 0x490C4C9: tgetent_sp (in /usr/lib/x86_64-linux-gnu/libtinfo.so.6.3)
==1362816==    by 0x48A91CD: _rl_init_terminal_io (in /usr/lib/x86_64-linux-gnu/libreadline.so.8.1)
==1362816==    by 0x4895A0F: rl_initialize (in /usr/lib/x86_64-linux-gnu/libreadline.so.8.1)
==1362816==    by 0x4895CD4: readline (in /usr/lib/x86_64-linux-gnu/libreadline.so.8.1)
==1362816==    by 0x401500: minishell (in /home/paromero/Desktop/minishell/minishell)
==1362816==    by 0x4015DF: main (in /home/paromero/Desktop/minishell/minishell)
==1362816== 
==1362816== 940 bytes in 1 blocks are still reachable in loss record 26 of 63
==1362816==    at 0x4848899: malloc (in /usr/libexec/valgrind/vgpreload_memcheck-amd64-linux.so)
==1362816==    by 0x490B287: _nc_read_termtype (in /usr/lib/x86_64-linux-gnu/libtinfo.so.6.3)
==1362816==    by 0x490B52A: ??? (in /usr/lib/x86_64-linux-gnu/libtinfo.so.6.3)
==1362816==    by 0x490DC40: ??? (in /usr/lib/x86_64-linux-gnu/libtinfo.so.6.3)
==1362816==    by 0x490B6BB: _nc_read_entry2 (in /usr/lib/x86_64-linux-gnu/libtinfo.so.6.3)
==1362816==    by 0x490B711: ??? (in /usr/lib/x86_64-linux-gnu/libtinfo.so.6.3)
==1362816==    by 0x490B866: _nc_setupterm (in /usr/lib/x86_64-linux-gnu/libtinfo.so.6.3)
==1362816==    by 0x490C4C9: tgetent_sp (in /usr/lib/x86_64-linux-gnu/libtinfo.so.6.3)
==1362816==    by 0x48A91CD: _rl_init_terminal_io (in /usr/lib/x86_64-linux-gnu/libreadline.so.8.1)
==1362816==    by 0x4895A0F: rl_initialize (in /usr/lib/x86_64-linux-gnu/libreadline.so.8.1)
==1362816==    by 0x4895CD4: readline (in /usr/lib/x86_64-linux-gnu/libreadline.so.8.1)
==1362816==    by 0x401500: minishell (in /home/paromero/Desktop/minishell/minishell)
==1362816== 
==1362816== 1,024 bytes in 1 blocks are still reachable in loss record 27 of 63
==1362816==    at 0x4848899: malloc (in /usr/libexec/valgrind/vgpreload_memcheck-amd64-linux.so)
==1362816==    by 0x48AE4A7: xrealloc (in /usr/lib/x86_64-linux-gnu/libreadline.so.8.1)
==1362816==    by 0x4897C7B: ??? (in /usr/lib/x86_64-linux-gnu/libreadline.so.8.1)
==1362816==    by 0x4897D67: ??? (in /usr/lib/x86_64-linux-gnu/libreadline.so.8.1)
==1362816==    by 0x48A0C7E: rl_redisplay (in /usr/lib/x86_64-linux-gnu/libreadline.so.8.1)
==1362816==    by 0x488B458: readline_internal_setup (in /usr/lib/x86_64-linux-gnu/libreadline.so.8.1)
==1362816==    by 0x4895CF8: readline (in /usr/lib/x86_64-linux-gnu/libreadline.so.8.1)
==1362816==    by 0x401500: minishell (in /home/paromero/Desktop/minishell/minishell)
==1362816==    by 0x4015DF: main (in /home/paromero/Desktop/minishell/minishell)
==1362816== 
==1362816== 1,024 bytes in 1 blocks are still reachable in loss record 28 of 63
==1362816==    at 0x4848899: malloc (in /usr/libexec/valgrind/vgpreload_memcheck-amd64-linux.so)
==1362816==    by 0x48AE4A7: xrealloc (in /usr/lib/x86_64-linux-gnu/libreadline.so.8.1)
==1362816==    by 0x4897C8B: ??? (in /usr/lib/x86_64-linux-gnu/libreadline.so.8.1)
==1362816==    by 0x4897D67: ??? (in /usr/lib/x86_64-linux-gnu/libreadline.so.8.1)
==1362816==    by 0x48A0C7E: rl_redisplay (in /usr/lib/x86_64-linux-gnu/libreadline.so.8.1)
==1362816==    by 0x488B458: readline_internal_setup (in /usr/lib/x86_64-linux-gnu/libreadline.so.8.1)
==1362816==    by 0x4895CF8: readline (in /usr/lib/x86_64-linux-gnu/libreadline.so.8.1)
==1362816==    by 0x401500: minishell (in /home/paromero/Desktop/minishell/minishell)
==1362816==    by 0x4015DF: main (in /home/paromero/Desktop/minishell/minishell)
==1362816== 
==1362816== 1,024 bytes in 1 blocks are still reachable in loss record 29 of 63
==1362816==    at 0x4848899: malloc (in /usr/libexec/valgrind/vgpreload_memcheck-amd64-linux.so)
==1362816==    by 0x48AE4A7: xrealloc (in /usr/lib/x86_64-linux-gnu/libreadline.so.8.1)
==1362816==    by 0x4897CA2: ??? (in /usr/lib/x86_64-linux-gnu/libreadline.so.8.1)
==1362816==    by 0x4897D67: ??? (in /usr/lib/x86_64-linux-gnu/libreadline.so.8.1)
==1362816==    by 0x48A0C7E: rl_redisplay (in /usr/lib/x86_64-linux-gnu/libreadline.so.8.1)
==1362816==    by 0x488B458: readline_internal_setup (in /usr/lib/x86_64-linux-gnu/libreadline.so.8.1)
==1362816==    by 0x4895CF8: readline (in /usr/lib/x86_64-linux-gnu/libreadline.so.8.1)
==1362816==    by 0x401500: minishell (in /home/paromero/Desktop/minishell/minishell)
==1362816==    by 0x4015DF: main (in /home/paromero/Desktop/minishell/minishell)
==1362816== 
==1362816== 1,024 bytes in 1 blocks are still reachable in loss record 30 of 63
==1362816==    at 0x4848899: malloc (in /usr/libexec/valgrind/vgpreload_memcheck-amd64-linux.so)
==1362816==    by 0x48AE4A7: xrealloc (in /usr/lib/x86_64-linux-gnu/libreadline.so.8.1)
==1362816==    by 0x4897CBB: ??? (in /usr/lib/x86_64-linux-gnu/libreadline.so.8.1)
==1362816==    by 0x4897D67: ??? (in /usr/lib/x86_64-linux-gnu/libreadline.so.8.1)
==1362816==    by 0x48A0C7E: rl_redisplay (in /usr/lib/x86_64-linux-gnu/libreadline.so.8.1)
==1362816==    by 0x488B458: readline_internal_setup (in /usr/lib/x86_64-linux-gnu/libreadline.so.8.1)
==1362816==    by 0x4895CF8: readline (in /usr/lib/x86_64-linux-gnu/libreadline.so.8.1)
==1362816==    by 0x401500: minishell (in /home/paromero/Desktop/minishell/minishell)
==1362816==    by 0x4015DF: main (in /home/paromero/Desktop/minishell/minishell)
==1362816== 
==1362816== 1,024 bytes in 1 blocks are still reachable in loss record 31 of 63
==1362816==    at 0x4848899: malloc (in /usr/libexec/valgrind/vgpreload_memcheck-amd64-linux.so)
==1362816==    by 0x48ADBAC: xmalloc (in /usr/lib/x86_64-linux-gnu/libreadline.so.8.1)
==1362816==    by 0x4897DC5: ??? (in /usr/lib/x86_64-linux-gnu/libreadline.so.8.1)
==1362816==    by 0x48A0C7E: rl_redisplay (in /usr/lib/x86_64-linux-gnu/libreadline.so.8.1)
==1362816==    by 0x488B458: readline_internal_setup (in /usr/lib/x86_64-linux-gnu/libreadline.so.8.1)
==1362816==    by 0x4895CF8: readline (in /usr/lib/x86_64-linux-gnu/libreadline.so.8.1)
==1362816==    by 0x401500: minishell (in /home/paromero/Desktop/minishell/minishell)
==1362816==    by 0x4015DF: main (in /home/paromero/Desktop/minishell/minishell)
==1362816== 
==1362816== 1,024 bytes in 1 blocks are still reachable in loss record 32 of 63
==1362816==    at 0x4848899: malloc (in /usr/libexec/valgrind/vgpreload_memcheck-amd64-linux.so)
==1362816==    by 0x48ADBAC: xmalloc (in /usr/lib/x86_64-linux-gnu/libreadline.so.8.1)
==1362816==    by 0x4897DDA: ??? (in /usr/lib/x86_64-linux-gnu/libreadline.so.8.1)
==1362816==    by 0x48A0C7E: rl_redisplay (in /usr/lib/x86_64-linux-gnu/libreadline.so.8.1)
==1362816==    by 0x488B458: readline_internal_setup (in /usr/lib/x86_64-linux-gnu/libreadline.so.8.1)
==1362816==    by 0x4895CF8: readline (in /usr/lib/x86_64-linux-gnu/libreadline.so.8.1)
==1362816==    by 0x401500: minishell (in /home/paromero/Desktop/minishell/minishell)
==1362816==    by 0x4015DF: main (in /home/paromero/Desktop/minishell/minishell)
==1362816== 
==1362816== 1,024 bytes in 1 blocks are still reachable in loss record 33 of 63
==1362816==    at 0x4848899: malloc (in /usr/libexec/valgrind/vgpreload_memcheck-amd64-linux.so)
==1362816==    by 0x48ADBAC: xmalloc (in /usr/lib/x86_64-linux-gnu/libreadline.so.8.1)
==1362816==    by 0x4897DE8: ??? (in /usr/lib/x86_64-linux-gnu/libreadline.so.8.1)
==1362816==    by 0x48A0C7E: rl_redisplay (in /usr/lib/x86_64-linux-gnu/libreadline.so.8.1)
==1362816==    by 0x488B458: readline_internal_setup (in /usr/lib/x86_64-linux-gnu/libreadline.so.8.1)
==1362816==    by 0x4895CF8: readline (in /usr/lib/x86_64-linux-gnu/libreadline.so.8.1)
==1362816==    by 0x401500: minishell (in /home/paromero/Desktop/minishell/minishell)
==1362816==    by 0x4015DF: main (in /home/paromero/Desktop/minishell/minishell)
==1362816== 
==1362816== 1,024 bytes in 1 blocks are still reachable in loss record 34 of 63
==1362816==    at 0x4848899: malloc (in /usr/libexec/valgrind/vgpreload_memcheck-amd64-linux.so)
==1362816==    by 0x48ADBAC: xmalloc (in /usr/lib/x86_64-linux-gnu/libreadline.so.8.1)
==1362816==    by 0x4897DF6: ??? (in /usr/lib/x86_64-linux-gnu/libreadline.so.8.1)
==1362816==    by 0x48A0C7E: rl_redisplay (in /usr/lib/x86_64-linux-gnu/libreadline.so.8.1)
==1362816==    by 0x488B458: readline_internal_setup (in /usr/lib/x86_64-linux-gnu/libreadline.so.8.1)
==1362816==    by 0x4895CF8: readline (in /usr/lib/x86_64-linux-gnu/libreadline.so.8.1)
==1362816==    by 0x401500: minishell (in /home/paromero/Desktop/minishell/minishell)
==1362816==    by 0x4015DF: main (in /home/paromero/Desktop/minishell/minishell)
==1362816== 
==1362816== 1,536 bytes in 1 blocks are still reachable in loss record 35 of 63
==1362816==    at 0x484DCD3: realloc (in /usr/libexec/valgrind/vgpreload_memcheck-amd64-linux.so)
==1362816==    by 0x48AE491: xrealloc (in /usr/lib/x86_64-linux-gnu/libreadline.so.8.1)
==1362816==    by 0x488B877: rl_add_funmap_entry (in /usr/lib/x86_64-linux-gnu/libreadline.so.8.1)
==1362816==    by 0x488B8C8: rl_initialize_funmap (in /usr/lib/x86_64-linux-gnu/libreadline.so.8.1)
==1362816==    by 0x4895A2C: rl_initialize (in /usr/lib/x86_64-linux-gnu/libreadline.so.8.1)
==1362816==    by 0x4895CD4: readline (in /usr/lib/x86_64-linux-gnu/libreadline.so.8.1)
==1362816==    by 0x401500: minishell (in /home/paromero/Desktop/minishell/minishell)
==1362816==    by 0x4015DF: main (in /home/paromero/Desktop/minishell/minishell)
==1362816== 
==1362816== 1,664 bytes in 1 blocks are still reachable in loss record 36 of 63
==1362816==    at 0x4848899: malloc (in /usr/libexec/valgrind/vgpreload_memcheck-amd64-linux.so)
==1362816==    by 0x490AACD: _nc_read_termtype (in /usr/lib/x86_64-linux-gnu/libtinfo.so.6.3)
==1362816==    by 0x490B52A: ??? (in /usr/lib/x86_64-linux-gnu/libtinfo.so.6.3)
==1362816==    by 0x490DC40: ??? (in /usr/lib/x86_64-linux-gnu/libtinfo.so.6.3)
==1362816==    by 0x490B6BB: _nc_read_entry2 (in /usr/lib/x86_64-linux-gnu/libtinfo.so.6.3)
==1362816==    by 0x490B711: ??? (in /usr/lib/x86_64-linux-gnu/libtinfo.so.6.3)
==1362816==    by 0x490B866: _nc_setupterm (in /usr/lib/x86_64-linux-gnu/libtinfo.so.6.3)
==1362816==    by 0x490C4C9: tgetent_sp (in /usr/lib/x86_64-linux-gnu/libtinfo.so.6.3)
==1362816==    by 0x48A91CD: _rl_init_terminal_io (in /usr/lib/x86_64-linux-gnu/libreadline.so.8.1)
==1362816==    by 0x4895A0F: rl_initialize (in /usr/lib/x86_64-linux-gnu/libreadline.so.8.1)
==1362816==    by 0x4895CD4: readline (in /usr/lib/x86_64-linux-gnu/libreadline.so.8.1)
==1362816==    by 0x401500: minishell (in /home/paromero/Desktop/minishell/minishell)
==1362816== 
==1362816== 2,032 bytes in 1 blocks are still reachable in loss record 37 of 63
==1362816==    at 0x4848899: malloc (in /usr/libexec/valgrind/vgpreload_memcheck-amd64-linux.so)
==1362816==    by 0x48ADBAC: xmalloc (in /usr/lib/x86_64-linux-gnu/libreadline.so.8.1)
==1362816==    by 0x48A9419: _rl_init_terminal_io (in /usr/lib/x86_64-linux-gnu/libreadline.so.8.1)
==1362816==    by 0x4895A0F: rl_initialize (in /usr/lib/x86_64-linux-gnu/libreadline.so.8.1)
==1362816==    by 0x4895CD4: readline (in /usr/lib/x86_64-linux-gnu/libreadline.so.8.1)
==1362816==    by 0x401500: minishell (in /home/paromero/Desktop/minishell/minishell)
==1362816==    by 0x4015DF: main (in /home/paromero/Desktop/minishell/minishell)
==1362816== 
==1362816== 2,240 bytes in 140 blocks are still reachable in loss record 38 of 63
==1362816==    at 0x4848899: malloc (in /usr/libexec/valgrind/vgpreload_memcheck-amd64-linux.so)
==1362816==    by 0x48ADBAC: xmalloc (in /usr/lib/x86_64-linux-gnu/libreadline.so.8.1)
==1362816==    by 0x488B822: rl_add_funmap_entry (in /usr/lib/x86_64-linux-gnu/libreadline.so.8.1)
==1362816==    by 0x488B8C8: rl_initialize_funmap (in /usr/lib/x86_64-linux-gnu/libreadline.so.8.1)
==1362816==    by 0x4895A2C: rl_initialize (in /usr/lib/x86_64-linux-gnu/libreadline.so.8.1)
==1362816==    by 0x4895CD4: readline (in /usr/lib/x86_64-linux-gnu/libreadline.so.8.1)
==1362816==    by 0x401500: minishell (in /home/paromero/Desktop/minishell/minishell)
==1362816==    by 0x4015DF: main (in /home/paromero/Desktop/minishell/minishell)
==1362816== 
==1362816== 3,904 bytes in 1 blocks are still reachable in loss record 39 of 63
==1362816==    at 0x484DCD3: realloc (in /usr/libexec/valgrind/vgpreload_memcheck-amd64-linux.so)
==1362816==    by 0x49006CC: _nc_doalloc (in /usr/lib/x86_64-linux-gnu/libtinfo.so.6.3)
==1362816==    by 0x490B1B5: _nc_read_termtype (in /usr/lib/x86_64-linux-gnu/libtinfo.so.6.3)
==1362816==    by 0x490B52A: ??? (in /usr/lib/x86_64-linux-gnu/libtinfo.so.6.3)
==1362816==    by 0x490DC40: ??? (in /usr/lib/x86_64-linux-gnu/libtinfo.so.6.3)
==1362816==    by 0x490B6BB: _nc_read_entry2 (in /usr/lib/x86_64-linux-gnu/libtinfo.so.6.3)
==1362816==    by 0x490B711: ??? (in /usr/lib/x86_64-linux-gnu/libtinfo.so.6.3)
==1362816==    by 0x490B866: _nc_setupterm (in /usr/lib/x86_64-linux-gnu/libtinfo.so.6.3)
==1362816==    by 0x490C4C9: tgetent_sp (in /usr/lib/x86_64-linux-gnu/libtinfo.so.6.3)
==1362816==    by 0x48A91CD: _rl_init_terminal_io (in /usr/lib/x86_64-linux-gnu/libreadline.so.8.1)
==1362816==    by 0x4895A0F: rl_initialize (in /usr/lib/x86_64-linux-gnu/libreadline.so.8.1)
==1362816==    by 0x4895CD4: readline (in /usr/lib/x86_64-linux-gnu/libreadline.so.8.1)
==1362816== 
==1362816== 3,904 bytes in 1 blocks are still reachable in loss record 40 of 63
==1362816==    at 0x4848899: malloc (in /usr/libexec/valgrind/vgpreload_memcheck-amd64-linux.so)
==1362816==    by 0x48FFFFF: ??? (in /usr/lib/x86_64-linux-gnu/libtinfo.so.6.3)
==1362816==    by 0x490B87D: _nc_setupterm (in /usr/lib/x86_64-linux-gnu/libtinfo.so.6.3)
==1362816==    by 0x490C4C9: tgetent_sp (in /usr/lib/x86_64-linux-gnu/libtinfo.so.6.3)
==1362816==    by 0x48A91CD: _rl_init_terminal_io (in /usr/lib/x86_64-linux-gnu/libreadline.so.8.1)
==1362816==    by 0x4895A0F: rl_initialize (in /usr/lib/x86_64-linux-gnu/libreadline.so.8.1)
==1362816==    by 0x4895CD4: readline (in /usr/lib/x86_64-linux-gnu/libreadline.so.8.1)
==1362816==    by 0x401500: minishell (in /home/paromero/Desktop/minishell/minishell)
==1362816==    by 0x4015DF: main (in /home/paromero/Desktop/minishell/minishell)
==1362816== 
==1362816== 4,016 bytes in 1 blocks are still reachable in loss record 41 of 63
==1362816==    at 0x4848899: malloc (in /usr/libexec/valgrind/vgpreload_memcheck-amd64-linux.so)
==1362816==    by 0x48ADBAC: xmalloc (in /usr/lib/x86_64-linux-gnu/libreadline.so.8.1)
==1362816==    by 0x48A6FD6: add_history (in /usr/lib/x86_64-linux-gnu/libreadline.so.8.1)
==1362816==    by 0x4012D7: line_syntax (in /home/paromero/Desktop/minishell/minishell)
==1362816==    by 0x401408: process_command_line (in /home/paromero/Desktop/minishell/minishell)
==1362816==    by 0x401537: minishell (in /home/paromero/Desktop/minishell/minishell)
==1362816==    by 0x4015DF: main (in /home/paromero/Desktop/minishell/minishell)
==1362816== 
==1362816== 4,080 bytes in 1 blocks are still reachable in loss record 42 of 63
==1362816==    at 0x4848899: malloc (in /usr/libexec/valgrind/vgpreload_memcheck-amd64-linux.so)
==1362816==    by 0x48ADBAC: xmalloc (in /usr/lib/x86_64-linux-gnu/libreadline.so.8.1)
==1362816==    by 0x48A93F9: _rl_init_terminal_io (in /usr/lib/x86_64-linux-gnu/libreadline.so.8.1)
==1362816==    by 0x4895A0F: rl_initialize (in /usr/lib/x86_64-linux-gnu/libreadline.so.8.1)
==1362816==    by 0x4895CD4: readline (in /usr/lib/x86_64-linux-gnu/libreadline.so.8.1)
==1362816==    by 0x401500: minishell (in /home/paromero/Desktop/minishell/minishell)
==1362816==    by 0x4015DF: main (in /home/paromero/Desktop/minishell/minishell)
==1362816== 
==1362816== 4,112 bytes in 1 blocks are still reachable in loss record 43 of 63
==1362816==    at 0x4848899: malloc (in /usr/libexec/valgrind/vgpreload_memcheck-amd64-linux.so)
==1362816==    by 0x48ADBAC: xmalloc (in /usr/lib/x86_64-linux-gnu/libreadline.so.8.1)
==1362816==    by 0x488A251: rl_make_bare_keymap (in /usr/lib/x86_64-linux-gnu/libreadline.so.8.1)
==1362816==    by 0x488AB6A: rl_generic_bind (in /usr/lib/x86_64-linux-gnu/libreadline.so.8.1)
==1362816==    by 0x489575D: rl_bind_keyseq_if_unbound_in_map (in /usr/lib/x86_64-linux-gnu/libreadline.so.8.1)
==1362816==    by 0x48A8DD5: ??? (in /usr/lib/x86_64-linux-gnu/libreadline.so.8.1)
==1362816==    by 0x48A931F: _rl_init_terminal_io (in /usr/lib/x86_64-linux-gnu/libreadline.so.8.1)
==1362816==    by 0x4895A0F: rl_initialize (in /usr/lib/x86_64-linux-gnu/libreadline.so.8.1)
==1362816==    by 0x4895CD4: readline (in /usr/lib/x86_64-linux-gnu/libreadline.so.8.1)
==1362816==    by 0x401500: minishell (in /home/paromero/Desktop/minishell/minishell)
==1362816==    by 0x4015DF: main (in /home/paromero/Desktop/minishell/minishell)
==1362816== 
==1362816== 4,112 bytes in 1 blocks are still reachable in loss record 44 of 63
==1362816==    at 0x4848899: malloc (in /usr/libexec/valgrind/vgpreload_memcheck-amd64-linux.so)
==1362816==    by 0x48ADBAC: xmalloc (in /usr/lib/x86_64-linux-gnu/libreadline.so.8.1)
==1362816==    by 0x488A251: rl_make_bare_keymap (in /usr/lib/x86_64-linux-gnu/libreadline.so.8.1)
==1362816==    by 0x488AB6A: rl_generic_bind (in /usr/lib/x86_64-linux-gnu/libreadline.so.8.1)
==1362816==    by 0x489575D: rl_bind_keyseq_if_unbound_in_map (in /usr/lib/x86_64-linux-gnu/libreadline.so.8.1)
==1362816==    by 0x48A8E5A: ??? (in /usr/lib/x86_64-linux-gnu/libreadline.so.8.1)
==1362816==    by 0x48A931F: _rl_init_terminal_io (in /usr/lib/x86_64-linux-gnu/libreadline.so.8.1)
==1362816==    by 0x4895A0F: rl_initialize (in /usr/lib/x86_64-linux-gnu/libreadline.so.8.1)
==1362816==    by 0x4895CD4: readline (in /usr/lib/x86_64-linux-gnu/libreadline.so.8.1)
==1362816==    by 0x401500: minishell (in /home/paromero/Desktop/minishell/minishell)
==1362816==    by 0x4015DF: main (in /home/paromero/Desktop/minishell/minishell)
==1362816== 
==1362816== 4,112 bytes in 1 blocks are still reachable in loss record 45 of 63
==1362816==    at 0x4848899: malloc (in /usr/libexec/valgrind/vgpreload_memcheck-amd64-linux.so)
==1362816==    by 0x48ADBAC: xmalloc (in /usr/lib/x86_64-linux-gnu/libreadline.so.8.1)
==1362816==    by 0x488A251: rl_make_bare_keymap (in /usr/lib/x86_64-linux-gnu/libreadline.so.8.1)
==1362816==    by 0x488AB6A: rl_generic_bind (in /usr/lib/x86_64-linux-gnu/libreadline.so.8.1)
==1362816==    by 0x489575D: rl_bind_keyseq_if_unbound_in_map (in /usr/lib/x86_64-linux-gnu/libreadline.so.8.1)
==1362816==    by 0x48A8E5A: ??? (in /usr/lib/x86_64-linux-gnu/libreadline.so.8.1)
==1362816==    by 0x48A932B: _rl_init_terminal_io (in /usr/lib/x86_64-linux-gnu/libreadline.so.8.1)
==1362816==    by 0x4895A0F: rl_initialize (in /usr/lib/x86_64-linux-gnu/libreadline.so.8.1)
==1362816==    by 0x4895CD4: readline (in /usr/lib/x86_64-linux-gnu/libreadline.so.8.1)
==1362816==    by 0x401500: minishell (in /home/paromero/Desktop/minishell/minishell)
==1362816==    by 0x4015DF: main (in /home/paromero/Desktop/minishell/minishell)
==1362816== 
==1362816== 4,112 bytes in 1 blocks are still reachable in loss record 46 of 63
==1362816==    at 0x4848899: malloc (in /usr/libexec/valgrind/vgpreload_memcheck-amd64-linux.so)
==1362816==    by 0x48ADBAC: xmalloc (in /usr/lib/x86_64-linux-gnu/libreadline.so.8.1)
==1362816==    by 0x488A251: rl_make_bare_keymap (in /usr/lib/x86_64-linux-gnu/libreadline.so.8.1)
==1362816==    by 0x488AB6A: rl_generic_bind (in /usr/lib/x86_64-linux-gnu/libreadline.so.8.1)
==1362816==    by 0x489575D: rl_bind_keyseq_if_unbound_in_map (in /usr/lib/x86_64-linux-gnu/libreadline.so.8.1)
==1362816==    by 0x48A8E5A: ??? (in /usr/lib/x86_64-linux-gnu/libreadline.so.8.1)
==1362816==    by 0x48A9337: _rl_init_terminal_io (in /usr/lib/x86_64-linux-gnu/libreadline.so.8.1)
==1362816==    by 0x4895A0F: rl_initialize (in /usr/lib/x86_64-linux-gnu/libreadline.so.8.1)
==1362816==    by 0x4895CD4: readline (in /usr/lib/x86_64-linux-gnu/libreadline.so.8.1)
==1362816==    by 0x401500: minishell (in /home/paromero/Desktop/minishell/minishell)
==1362816==    by 0x4015DF: main (in /home/paromero/Desktop/minishell/minishell)
==1362816== 
==1362816== 4,112 bytes in 1 blocks are still reachable in loss record 47 of 63
==1362816==    at 0x4848899: malloc (in /usr/libexec/valgrind/vgpreload_memcheck-amd64-linux.so)
==1362816==    by 0x48ADBAC: xmalloc (in /usr/lib/x86_64-linux-gnu/libreadline.so.8.1)
==1362816==    by 0x488A251: rl_make_bare_keymap (in /usr/lib/x86_64-linux-gnu/libreadline.so.8.1)
==1362816==    by 0x488AB6A: rl_generic_bind (in /usr/lib/x86_64-linux-gnu/libreadline.so.8.1)
==1362816==    by 0x489575D: rl_bind_keyseq_if_unbound_in_map (in /usr/lib/x86_64-linux-gnu/libreadline.so.8.1)
==1362816==    by 0x489594C: ??? (in /usr/lib/x86_64-linux-gnu/libreadline.so.8.1)
==1362816==    by 0x4895A84: rl_initialize (in /usr/lib/x86_64-linux-gnu/libreadline.so.8.1)
==1362816==    by 0x4895CD4: readline (in /usr/lib/x86_64-linux-gnu/libreadline.so.8.1)
==1362816==    by 0x401500: minishell (in /home/paromero/Desktop/minishell/minishell)
==1362816==    by 0x4015DF: main (in /home/paromero/Desktop/minishell/minishell)
==1362816== 
==1362816== 4,112 bytes in 1 blocks are still reachable in loss record 48 of 63
==1362816==    at 0x4848899: malloc (in /usr/libexec/valgrind/vgpreload_memcheck-amd64-linux.so)
==1362816==    by 0x48ADBAC: xmalloc (in /usr/lib/x86_64-linux-gnu/libreadline.so.8.1)
==1362816==    by 0x488A251: rl_make_bare_keymap (in /usr/lib/x86_64-linux-gnu/libreadline.so.8.1)
==1362816==    by 0x488AB6A: rl_generic_bind (in /usr/lib/x86_64-linux-gnu/libreadline.so.8.1)
==1362816==    by 0x489575D: rl_bind_keyseq_if_unbound_in_map (in /usr/lib/x86_64-linux-gnu/libreadline.so.8.1)
==1362816==    by 0x489594C: ??? (in /usr/lib/x86_64-linux-gnu/libreadline.so.8.1)
==1362816==    by 0x4895A93: rl_initialize (in /usr/lib/x86_64-linux-gnu/libreadline.so.8.1)
==1362816==    by 0x4895CD4: readline (in /usr/lib/x86_64-linux-gnu/libreadline.so.8.1)
==1362816==    by 0x401500: minishell (in /home/paromero/Desktop/minishell/minishell)
==1362816==    by 0x4015DF: main (in /home/paromero/Desktop/minishell/minishell)
==1362816== 
==1362816== 4,112 bytes in 1 blocks are still reachable in loss record 49 of 63
==1362816==    at 0x4848899: malloc (in /usr/libexec/valgrind/vgpreload_memcheck-amd64-linux.so)
==1362816==    by 0x48ADBAC: xmalloc (in /usr/lib/x86_64-linux-gnu/libreadline.so.8.1)
==1362816==    by 0x488A251: rl_make_bare_keymap (in /usr/lib/x86_64-linux-gnu/libreadline.so.8.1)
==1362816==    by 0x488AB6A: rl_generic_bind (in /usr/lib/x86_64-linux-gnu/libreadline.so.8.1)
==1362816==    by 0x489575D: rl_bind_keyseq_if_unbound_in_map (in /usr/lib/x86_64-linux-gnu/libreadline.so.8.1)
==1362816==    by 0x489594C: ??? (in /usr/lib/x86_64-linux-gnu/libreadline.so.8.1)
==1362816==    by 0x4895AB8: rl_initialize (in /usr/lib/x86_64-linux-gnu/libreadline.so.8.1)
==1362816==    by 0x4895CD4: readline (in /usr/lib/x86_64-linux-gnu/libreadline.so.8.1)
==1362816==    by 0x401500: minishell (in /home/paromero/Desktop/minishell/minishell)
==1362816==    by 0x4015DF: main (in /home/paromero/Desktop/minishell/minishell)
==1362816== 
==1362816== 7,952 bytes in 1 blocks are still reachable in loss record 50 of 63
==1362816==    at 0x484DA83: calloc (in /usr/libexec/valgrind/vgpreload_memcheck-amd64-linux.so)
==1362816==    by 0x48FEC97: ??? (in /usr/lib/x86_64-linux-gnu/libtinfo.so.6.3)
==1362816==    by 0x49003AF: _nc_find_type_entry (in /usr/lib/x86_64-linux-gnu/libtinfo.so.6.3)
==1362816==    by 0x4902E4C: tgetstr_sp (in /usr/lib/x86_64-linux-gnu/libtinfo.so.6.3)
==1362816==    by 0x48A921A: _rl_init_terminal_io (in /usr/lib/x86_64-linux-gnu/libreadline.so.8.1)
==1362816==    by 0x4895A0F: rl_initialize (in /usr/lib/x86_64-linux-gnu/libreadline.so.8.1)
==1362816==    by 0x4895CD4: readline (in /usr/lib/x86_64-linux-gnu/libreadline.so.8.1)
==1362816==    by 0x401500: minishell (in /home/paromero/Desktop/minishell/minishell)
==1362816==    by 0x4015DF: main (in /home/paromero/Desktop/minishell/minishell)
==1362816== 
==1362816== 8,224 bytes in 2 blocks are still reachable in loss record 51 of 63
==1362816==    at 0x4848899: malloc (in /usr/libexec/valgrind/vgpreload_memcheck-amd64-linux.so)
==1362816==    by 0x48ADBAC: xmalloc (in /usr/lib/x86_64-linux-gnu/libreadline.so.8.1)
==1362816==    by 0x488A251: rl_make_bare_keymap (in /usr/lib/x86_64-linux-gnu/libreadline.so.8.1)
==1362816==    by 0x488AB6A: rl_generic_bind (in /usr/lib/x86_64-linux-gnu/libreadline.so.8.1)
==1362816==    by 0x489575D: rl_bind_keyseq_if_unbound_in_map (in /usr/lib/x86_64-linux-gnu/libreadline.so.8.1)
==1362816==    by 0x48A8E47: ??? (in /usr/lib/x86_64-linux-gnu/libreadline.so.8.1)
==1362816==    by 0x48A931F: _rl_init_terminal_io (in /usr/lib/x86_64-linux-gnu/libreadline.so.8.1)
==1362816==    by 0x4895A0F: rl_initialize (in /usr/lib/x86_64-linux-gnu/libreadline.so.8.1)
==1362816==    by 0x4895CD4: readline (in /usr/lib/x86_64-linux-gnu/libreadline.so.8.1)
==1362816==    by 0x401500: minishell (in /home/paromero/Desktop/minishell/minishell)
==1362816==    by 0x4015DF: main (in /home/paromero/Desktop/minishell/minishell)
==1362816== 
==1362816== 8,224 bytes in 2 blocks are still reachable in loss record 52 of 63
==1362816==    at 0x4848899: malloc (in /usr/libexec/valgrind/vgpreload_memcheck-amd64-linux.so)
==1362816==    by 0x48ADBAC: xmalloc (in /usr/lib/x86_64-linux-gnu/libreadline.so.8.1)
==1362816==    by 0x488A251: rl_make_bare_keymap (in /usr/lib/x86_64-linux-gnu/libreadline.so.8.1)
==1362816==    by 0x488AB6A: rl_generic_bind (in /usr/lib/x86_64-linux-gnu/libreadline.so.8.1)
==1362816==    by 0x489575D: rl_bind_keyseq_if_unbound_in_map (in /usr/lib/x86_64-linux-gnu/libreadline.so.8.1)
==1362816==    by 0x48A8DD5: ??? (in /usr/lib/x86_64-linux-gnu/libreadline.so.8.1)
==1362816==    by 0x48A932B: _rl_init_terminal_io (in /usr/lib/x86_64-linux-gnu/libreadline.so.8.1)
==1362816==    by 0x4895A0F: rl_initialize (in /usr/lib/x86_64-linux-gnu/libreadline.so.8.1)
==1362816==    by 0x4895CD4: readline (in /usr/lib/x86_64-linux-gnu/libreadline.so.8.1)
==1362816==    by 0x401500: minishell (in /home/paromero/Desktop/minishell/minishell)
==1362816==    by 0x4015DF: main (in /home/paromero/Desktop/minishell/minishell)
==1362816== 
==1362816== 8,224 bytes in 2 blocks are still reachable in loss record 53 of 63
==1362816==    at 0x4848899: malloc (in /usr/libexec/valgrind/vgpreload_memcheck-amd64-linux.so)
==1362816==    by 0x48ADBAC: xmalloc (in /usr/lib/x86_64-linux-gnu/libreadline.so.8.1)
==1362816==    by 0x488A251: rl_make_bare_keymap (in /usr/lib/x86_64-linux-gnu/libreadline.so.8.1)
==1362816==    by 0x488AB6A: rl_generic_bind (in /usr/lib/x86_64-linux-gnu/libreadline.so.8.1)
==1362816==    by 0x489575D: rl_bind_keyseq_if_unbound_in_map (in /usr/lib/x86_64-linux-gnu/libreadline.so.8.1)
==1362816==    by 0x48A8E47: ??? (in /usr/lib/x86_64-linux-gnu/libreadline.so.8.1)
==1362816==    by 0x48A932B: _rl_init_terminal_io (in /usr/lib/x86_64-linux-gnu/libreadline.so.8.1)
==1362816==    by 0x4895A0F: rl_initialize (in /usr/lib/x86_64-linux-gnu/libreadline.so.8.1)
==1362816==    by 0x4895CD4: readline (in /usr/lib/x86_64-linux-gnu/libreadline.so.8.1)
==1362816==    by 0x401500: minishell (in /home/paromero/Desktop/minishell/minishell)
==1362816==    by 0x4015DF: main (in /home/paromero/Desktop/minishell/minishell)
==1362816== 
==1362816== 8,224 bytes in 2 blocks are still reachable in loss record 54 of 63
==1362816==    at 0x4848899: malloc (in /usr/libexec/valgrind/vgpreload_memcheck-amd64-linux.so)
==1362816==    by 0x48ADBAC: xmalloc (in /usr/lib/x86_64-linux-gnu/libreadline.so.8.1)
==1362816==    by 0x488A251: rl_make_bare_keymap (in /usr/lib/x86_64-linux-gnu/libreadline.so.8.1)
==1362816==    by 0x488AB6A: rl_generic_bind (in /usr/lib/x86_64-linux-gnu/libreadline.so.8.1)
==1362816==    by 0x489575D: rl_bind_keyseq_if_unbound_in_map (in /usr/lib/x86_64-linux-gnu/libreadline.so.8.1)
==1362816==    by 0x48A8DD5: ??? (in /usr/lib/x86_64-linux-gnu/libreadline.so.8.1)
==1362816==    by 0x48A9337: _rl_init_terminal_io (in /usr/lib/x86_64-linux-gnu/libreadline.so.8.1)
==1362816==    by 0x4895A0F: rl_initialize (in /usr/lib/x86_64-linux-gnu/libreadline.so.8.1)
==1362816==    by 0x4895CD4: readline (in /usr/lib/x86_64-linux-gnu/libreadline.so.8.1)
==1362816==    by 0x401500: minishell (in /home/paromero/Desktop/minishell/minishell)
==1362816==    by 0x4015DF: main (in /home/paromero/Desktop/minishell/minishell)
==1362816== 
==1362816== 8,224 bytes in 2 blocks are still reachable in loss record 55 of 63
==1362816==    at 0x4848899: malloc (in /usr/libexec/valgrind/vgpreload_memcheck-amd64-linux.so)
==1362816==    by 0x48ADBAC: xmalloc (in /usr/lib/x86_64-linux-gnu/libreadline.so.8.1)
==1362816==    by 0x488A251: rl_make_bare_keymap (in /usr/lib/x86_64-linux-gnu/libreadline.so.8.1)
==1362816==    by 0x488AB6A: rl_generic_bind (in /usr/lib/x86_64-linux-gnu/libreadline.so.8.1)
==1362816==    by 0x489575D: rl_bind_keyseq_if_unbound_in_map (in /usr/lib/x86_64-linux-gnu/libreadline.so.8.1)
==1362816==    by 0x48A8E47: ??? (in /usr/lib/x86_64-linux-gnu/libreadline.so.8.1)
==1362816==    by 0x48A9337: _rl_init_terminal_io (in /usr/lib/x86_64-linux-gnu/libreadline.so.8.1)
==1362816==    by 0x4895A0F: rl_initialize (in /usr/lib/x86_64-linux-gnu/libreadline.so.8.1)
==1362816==    by 0x4895CD4: readline (in /usr/lib/x86_64-linux-gnu/libreadline.so.8.1)
==1362816==    by 0x401500: minishell (in /home/paromero/Desktop/minishell/minishell)
==1362816==    by 0x4015DF: main (in /home/paromero/Desktop/minishell/minishell)
==1362816== 
==1362816== 8,224 bytes in 2 blocks are still reachable in loss record 56 of 63
==1362816==    at 0x4848899: malloc (in /usr/libexec/valgrind/vgpreload_memcheck-amd64-linux.so)
==1362816==    by 0x48ADBAC: xmalloc (in /usr/lib/x86_64-linux-gnu/libreadline.so.8.1)
==1362816==    by 0x488A251: rl_make_bare_keymap (in /usr/lib/x86_64-linux-gnu/libreadline.so.8.1)
==1362816==    by 0x488AB6A: rl_generic_bind (in /usr/lib/x86_64-linux-gnu/libreadline.so.8.1)
==1362816==    by 0x489575D: rl_bind_keyseq_if_unbound_in_map (in /usr/lib/x86_64-linux-gnu/libreadline.so.8.1)
==1362816==    by 0x489593D: ??? (in /usr/lib/x86_64-linux-gnu/libreadline.so.8.1)
==1362816==    by 0x4895A84: rl_initialize (in /usr/lib/x86_64-linux-gnu/libreadline.so.8.1)
==1362816==    by 0x4895CD4: readline (in /usr/lib/x86_64-linux-gnu/libreadline.so.8.1)
==1362816==    by 0x401500: minishell (in /home/paromero/Desktop/minishell/minishell)
==1362816==    by 0x4015DF: main (in /home/paromero/Desktop/minishell/minishell)
==1362816== 
==1362816== 8,224 bytes in 2 blocks are still reachable in loss record 57 of 63
==1362816==    at 0x4848899: malloc (in /usr/libexec/valgrind/vgpreload_memcheck-amd64-linux.so)
==1362816==    by 0x48ADBAC: xmalloc (in /usr/lib/x86_64-linux-gnu/libreadline.so.8.1)
==1362816==    by 0x488A251: rl_make_bare_keymap (in /usr/lib/x86_64-linux-gnu/libreadline.so.8.1)
==1362816==    by 0x488AB6A: rl_generic_bind (in /usr/lib/x86_64-linux-gnu/libreadline.so.8.1)
==1362816==    by 0x489575D: rl_bind_keyseq_if_unbound_in_map (in /usr/lib/x86_64-linux-gnu/libreadline.so.8.1)
==1362816==    by 0x489593D: ??? (in /usr/lib/x86_64-linux-gnu/libreadline.so.8.1)
==1362816==    by 0x4895A93: rl_initialize (in /usr/lib/x86_64-linux-gnu/libreadline.so.8.1)
==1362816==    by 0x4895CD4: readline (in /usr/lib/x86_64-linux-gnu/libreadline.so.8.1)
==1362816==    by 0x401500: minishell (in /home/paromero/Desktop/minishell/minishell)
==1362816==    by 0x4015DF: main (in /home/paromero/Desktop/minishell/minishell)
==1362816== 
==1362816== 8,224 bytes in 2 blocks are still reachable in loss record 58 of 63
==1362816==    at 0x4848899: malloc (in /usr/libexec/valgrind/vgpreload_memcheck-amd64-linux.so)
==1362816==    by 0x48ADBAC: xmalloc (in /usr/lib/x86_64-linux-gnu/libreadline.so.8.1)
==1362816==    by 0x488A251: rl_make_bare_keymap (in /usr/lib/x86_64-linux-gnu/libreadline.so.8.1)
==1362816==    by 0x488AB6A: rl_generic_bind (in /usr/lib/x86_64-linux-gnu/libreadline.so.8.1)
==1362816==    by 0x489575D: rl_bind_keyseq_if_unbound_in_map (in /usr/lib/x86_64-linux-gnu/libreadline.so.8.1)
==1362816==    by 0x489593D: ??? (in /usr/lib/x86_64-linux-gnu/libreadline.so.8.1)
==1362816==    by 0x4895AB8: rl_initialize (in /usr/lib/x86_64-linux-gnu/libreadline.so.8.1)
==1362816==    by 0x4895CD4: readline (in /usr/lib/x86_64-linux-gnu/libreadline.so.8.1)
==1362816==    by 0x401500: minishell (in /home/paromero/Desktop/minishell/minishell)
==1362816==    by 0x4015DF: main (in /home/paromero/Desktop/minishell/minishell)
==1362816== 
==1362816== 8,224 bytes in 2 blocks are still reachable in loss record 59 of 63
==1362816==    at 0x4848899: malloc (in /usr/libexec/valgrind/vgpreload_memcheck-amd64-linux.so)
==1362816==    by 0x48ADBAC: xmalloc (in /usr/lib/x86_64-linux-gnu/libreadline.so.8.1)
==1362816==    by 0x488A251: rl_make_bare_keymap (in /usr/lib/x86_64-linux-gnu/libreadline.so.8.1)
==1362816==    by 0x488AB6A: rl_generic_bind (in /usr/lib/x86_64-linux-gnu/libreadline.so.8.1)
==1362816==    by 0x489575D: rl_bind_keyseq_if_unbound_in_map (in /usr/lib/x86_64-linux-gnu/libreadline.so.8.1)
==1362816==    by 0x4895AD2: rl_initialize (in /usr/lib/x86_64-linux-gnu/libreadline.so.8.1)
==1362816==    by 0x4895CD4: readline (in /usr/lib/x86_64-linux-gnu/libreadline.so.8.1)
==1362816==    by 0x401500: minishell (in /home/paromero/Desktop/minishell/minishell)
==1362816==    by 0x4015DF: main (in /home/paromero/Desktop/minishell/minishell)
==1362816== 
==1362816== 8,224 bytes in 2 blocks are still reachable in loss record 60 of 63
==1362816==    at 0x4848899: malloc (in /usr/libexec/valgrind/vgpreload_memcheck-amd64-linux.so)
==1362816==    by 0x48ADBAC: xmalloc (in /usr/lib/x86_64-linux-gnu/libreadline.so.8.1)
==1362816==    by 0x488A251: rl_make_bare_keymap (in /usr/lib/x86_64-linux-gnu/libreadline.so.8.1)
==1362816==    by 0x488AB6A: rl_generic_bind (in /usr/lib/x86_64-linux-gnu/libreadline.so.8.1)
==1362816==    by 0x489575D: rl_bind_keyseq_if_unbound_in_map (in /usr/lib/x86_64-linux-gnu/libreadline.so.8.1)
==1362816==    by 0x4895AE1: rl_initialize (in /usr/lib/x86_64-linux-gnu/libreadline.so.8.1)
==1362816==    by 0x4895CD4: readline (in /usr/lib/x86_64-linux-gnu/libreadline.so.8.1)
==1362816==    by 0x401500: minishell (in /home/paromero/Desktop/minishell/minishell)
==1362816==    by 0x4015DF: main (in /home/paromero/Desktop/minishell/minishell)
==1362816== 
==1362816== 12,336 bytes in 3 blocks are still reachable in loss record 61 of 63
==1362816==    at 0x4848899: malloc (in /usr/libexec/valgrind/vgpreload_memcheck-amd64-linux.so)
==1362816==    by 0x48ADBAC: xmalloc (in /usr/lib/x86_64-linux-gnu/libreadline.so.8.1)
==1362816==    by 0x488A251: rl_make_bare_keymap (in /usr/lib/x86_64-linux-gnu/libreadline.so.8.1)
==1362816==    by 0x488AB6A: rl_generic_bind (in /usr/lib/x86_64-linux-gnu/libreadline.so.8.1)
==1362816==    by 0x489575D: rl_bind_keyseq_if_unbound_in_map (in /usr/lib/x86_64-linux-gnu/libreadline.so.8.1)
==1362816==    by 0x4895914: ??? (in /usr/lib/x86_64-linux-gnu/libreadline.so.8.1)
==1362816==    by 0x4895A93: rl_initialize (in /usr/lib/x86_64-linux-gnu/libreadline.so.8.1)
==1362816==    by 0x4895CD4: readline (in /usr/lib/x86_64-linux-gnu/libreadline.so.8.1)
==1362816==    by 0x401500: minishell (in /home/paromero/Desktop/minishell/minishell)
==1362816==    by 0x4015DF: main (in /home/paromero/Desktop/minishell/minishell)
==1362816== 
==1362816== 12,336 bytes in 3 blocks are still reachable in loss record 62 of 63
==1362816==    at 0x4848899: malloc (in /usr/libexec/valgrind/vgpreload_memcheck-amd64-linux.so)
==1362816==    by 0x48ADBAC: xmalloc (in /usr/lib/x86_64-linux-gnu/libreadline.so.8.1)
==1362816==    by 0x488A251: rl_make_bare_keymap (in /usr/lib/x86_64-linux-gnu/libreadline.so.8.1)
==1362816==    by 0x488AB6A: rl_generic_bind (in /usr/lib/x86_64-linux-gnu/libreadline.so.8.1)
==1362816==    by 0x489575D: rl_bind_keyseq_if_unbound_in_map (in /usr/lib/x86_64-linux-gnu/libreadline.so.8.1)
==1362816==    by 0x4895914: ??? (in /usr/lib/x86_64-linux-gnu/libreadline.so.8.1)
==1362816==    by 0x4895AB8: rl_initialize (in /usr/lib/x86_64-linux-gnu/libreadline.so.8.1)
==1362816==    by 0x4895CD4: readline (in /usr/lib/x86_64-linux-gnu/libreadline.so.8.1)
==1362816==    by 0x401500: minishell (in /home/paromero/Desktop/minishell/minishell)
==1362816==    by 0x4015DF: main (in /home/paromero/Desktop/minishell/minishell)
==1362816== 
==1362816== 28,784 bytes in 7 blocks are still reachable in loss record 63 of 63
==1362816==    at 0x4848899: malloc (in /usr/libexec/valgrind/vgpreload_memcheck-amd64-linux.so)
==1362816==    by 0x48ADBAC: xmalloc (in /usr/lib/x86_64-linux-gnu/libreadline.so.8.1)
==1362816==    by 0x488A251: rl_make_bare_keymap (in /usr/lib/x86_64-linux-gnu/libreadline.so.8.1)
==1362816==    by 0x488AB6A: rl_generic_bind (in /usr/lib/x86_64-linux-gnu/libreadline.so.8.1)
==1362816==    by 0x489B99E: rl_parse_and_bind (in /usr/lib/x86_64-linux-gnu/libreadline.so.8.1)
==1362816==    by 0x489BB6C: ??? (in /usr/lib/x86_64-linux-gnu/libreadline.so.8.1)
==1362816==    by 0x4895A38: rl_initialize (in /usr/lib/x86_64-linux-gnu/libreadline.so.8.1)
==1362816==    by 0x4895CD4: readline (in /usr/lib/x86_64-linux-gnu/libreadline.so.8.1)
==1362816==    by 0x401500: minishell (in /home/paromero/Desktop/minishell/minishell)
==1362816==    by 0x4015DF: main (in /home/paromero/Desktop/minishell/minishell)
==1362816== 
==1362816== LEAK SUMMARY:
==1362816==    definitely lost: 0 bytes in 0 blocks
==1362816==    indirectly lost: 0 bytes in 0 blocks
==1362816==      possibly lost: 0 bytes in 0 blocks
==1362816==    still reachable: 208,307 bytes in 222 blocks
==1362816==         suppressed: 0 bytes in 0 blocks
==1362816== 
==1362816== ERROR SUMMARY: 0 errors from 0 contexts (suppressed: 0 from 0)
